  main.cpp
C:\Users\Fab\Desktop\rrrrrrrttree\rtree_allin1\main.cpp(743,1): warning C4305:  'argument': truncation from 'double' to 'GLfloat'
C:\Users\Fab\Desktop\rrrrrrrttree\rtree_allin1\main.cpp(743): message :  see reference to class template instantiation 'CRTree<T>' being compiled
C:\Users\Fab\Desktop\rrrrrrrttree\rtree_allin1\main.cpp(817,18): warning C4244:  'argument': conversion from 'int' to 'GLfloat', possible loss of data
C:\Users\Fab\Desktop\rrrrrrrttree\rtree_allin1\main.cpp(817,14): warning C4244:  'argument': conversion from 'int' to 'GLfloat', possible loss of data
C:\Users\Fab\Desktop\rrrrrrrttree\rtree_allin1\main.cpp(856,27): warning C4305:  'argument': truncation from 'double' to 'GLfloat'
C:\Users\Fab\Desktop\rrrrrrrttree\rtree_allin1\main.cpp(714,12): warning C4018:  '<': signed/unsigned mismatch
C:\Users\Fab\Desktop\rrrrrrrttree\rtree_allin1\main.cpp(710): message :  while compiling class template member function 'void CRTree<double>::drawTree(void)'
C:\Users\Fab\Desktop\rrrrrrrttree\rtree_allin1\main.cpp(861): message :  see reference to function template instantiation 'void CRTree<double>::drawTree(void)' being compiled
C:\Users\Fab\Desktop\rrrrrrrttree\rtree_allin1\main.cpp(746): message :  see reference to class template instantiation 'CRTree<double>' being compiled
C:\Users\Fab\Desktop\rrrrrrrttree\rtree_allin1\main.cpp(716,2): warning C4018:  '<': signed/unsigned mismatch
C:\Users\Fab\Desktop\rrrrrrrttree\rtree_allin1\main.cpp(721,2): warning C4018:  '<': signed/unsigned mismatch
C:\Users\Fab\Desktop\rrrrrrrttree\rtree_allin1\main.cpp(725,2): warning C4018:  '<': signed/unsigned mismatch
C:\Users\Fab\Desktop\rrrrrrrttree\rtree_allin1\main.cpp(729,1): warning C4305:  'argument': truncation from 'double' to 'GLfloat'
C:\Users\Fab\Desktop\rrrrrrrttree\rtree_allin1\main.cpp(730,82): warning C4244:  'argument': conversion from '_Ty' to 'GLfloat', possible loss of data
C:\Users\Fab\Desktop\rrrrrrrttree\rtree_allin1\main.cpp(730,82): warning C4244:         with
C:\Users\Fab\Desktop\rrrrrrrttree\rtree_allin1\main.cpp(730,82): warning C4244:         [
C:\Users\Fab\Desktop\rrrrrrrttree\rtree_allin1\main.cpp(730,82): warning C4244:             _Ty=double
C:\Users\Fab\Desktop\rrrrrrrttree\rtree_allin1\main.cpp(730,82): warning C4244:         ]
C:\Users\Fab\Desktop\rrrrrrrttree\rtree_allin1\main.cpp(730,48): warning C4244:  'argument': conversion from '_Ty' to 'GLfloat', possible loss of data
C:\Users\Fab\Desktop\rrrrrrrttree\rtree_allin1\main.cpp(730,48): warning C4244:         with
C:\Users\Fab\Desktop\rrrrrrrttree\rtree_allin1\main.cpp(730,48): warning C4244:         [
C:\Users\Fab\Desktop\rrrrrrrttree\rtree_allin1\main.cpp(730,48): warning C4244:             _Ty=double
C:\Users\Fab\Desktop\rrrrrrrttree\rtree_allin1\main.cpp(730,48): warning C4244:         ]
C:\Users\Fab\Desktop\rrrrrrrttree\rtree_allin1\main.cpp(736,2): warning C4018:  '<': signed/unsigned mismatch
C:\Users\Fab\Desktop\rrrrrrrttree\rtree_allin1\main.cpp(681,12): warning C4018:  '<': signed/unsigned mismatch
C:\Users\Fab\Desktop\rrrrrrrttree\rtree_allin1\main.cpp(676): message :  while compiling class template member function 'void CRTree<double>::print(void)'
C:\Users\Fab\Desktop\rrrrrrrttree\rtree_allin1\main.cpp(909): message :  see reference to function template instantiation 'void CRTree<double>::print(void)' being compiled
C:\Users\Fab\Desktop\rrrrrrrttree\rtree_allin1\main.cpp(683,2): warning C4018:  '<': signed/unsigned mismatch
C:\Users\Fab\Desktop\rrrrrrrttree\rtree_allin1\main.cpp(688,2): warning C4018:  '<': signed/unsigned mismatch
C:\Users\Fab\Desktop\rrrrrrrttree\rtree_allin1\main.cpp(692,2): warning C4018:  '<': signed/unsigned mismatch
C:\Users\Fab\Desktop\rrrrrrrttree\rtree_allin1\main.cpp(699,2): warning C4018:  '<': signed/unsigned mismatch
C:\Users\Fab\Desktop\rrrrrrrttree\rtree_allin1\main.cpp(305,2): warning C4018:  '<': signed/unsigned mismatch
C:\Users\Fab\Desktop\rrrrrrrttree\rtree_allin1\main.cpp(298): message :  while compiling class template member function 'bool CRTree<double>::insert_point(CPoint<T>)'
C:\Users\Fab\Desktop\rrrrrrrttree\rtree_allin1\main.cpp(298): message :         with
C:\Users\Fab\Desktop\rrrrrrrttree\rtree_allin1\main.cpp(298): message :         [
C:\Users\Fab\Desktop\rrrrrrrttree\rtree_allin1\main.cpp(298): message :             T=double
C:\Users\Fab\Desktop\rrrrrrrttree\rtree_allin1\main.cpp(298): message :         ]
C:\Users\Fab\Desktop\rrrrrrrttree\rtree_allin1\main.cpp(802): message :  see reference to function template instantiation 'bool CRTree<double>::insert_point(CPoint<T>)' being compiled
C:\Users\Fab\Desktop\rrrrrrrttree\rtree_allin1\main.cpp(802): message :         with
C:\Users\Fab\Desktop\rrrrrrrttree\rtree_allin1\main.cpp(802): message :         [
C:\Users\Fab\Desktop\rrrrrrrttree\rtree_allin1\main.cpp(802): message :             T=double
C:\Users\Fab\Desktop\rrrrrrrttree\rtree_allin1\main.cpp(802): message :         ]
C:\Users\Fab\Desktop\rrrrrrrttree\rtree_allin1\main.cpp(651,39): warning C4018:  '>': signed/unsigned mismatch
C:\Users\Fab\Desktop\rrrrrrrttree\rtree_allin1\main.cpp(648): message :  while compiling class template member function 'void CRTree<double>::adjust_tree(std::vector<std::pair<CRTreeNode<T> *,int>,std::allocator<_Ty>> &)'
C:\Users\Fab\Desktop\rrrrrrrttree\rtree_allin1\main.cpp(648): message :         with
C:\Users\Fab\Desktop\rrrrrrrttree\rtree_allin1\main.cpp(648): message :         [
C:\Users\Fab\Desktop\rrrrrrrttree\rtree_allin1\main.cpp(648): message :             T=double,
C:\Users\Fab\Desktop\rrrrrrrttree\rtree_allin1\main.cpp(648): message :             _Ty=std::pair<CRTreeNode<double> *,int>
C:\Users\Fab\Desktop\rrrrrrrttree\rtree_allin1\main.cpp(648): message :         ]
C:\Users\Fab\Desktop\rrrrrrrttree\rtree_allin1\main.cpp(317): message :  see reference to function template instantiation 'void CRTree<double>::adjust_tree(std::vector<std::pair<CRTreeNode<T> *,int>,std::allocator<_Ty>> &)' being compiled
C:\Users\Fab\Desktop\rrrrrrrttree\rtree_allin1\main.cpp(317): message :         with
C:\Users\Fab\Desktop\rrrrrrrttree\rtree_allin1\main.cpp(317): message :         [
C:\Users\Fab\Desktop\rrrrrrrttree\rtree_allin1\main.cpp(317): message :             T=double,
C:\Users\Fab\Desktop\rrrrrrrttree\rtree_allin1\main.cpp(317): message :             _Ty=std::pair<CRTreeNode<double> *,int>
C:\Users\Fab\Desktop\rrrrrrrttree\rtree_allin1\main.cpp(317): message :         ]
C:\Users\Fab\Desktop\rrrrrrrttree\rtree_allin1\main.cpp(651,84): warning C4018:  '>': signed/unsigned mismatch
C:\Users\Fab\Desktop\rrrrrrrttree\rtree_allin1\main.cpp(668,38): warning C4018:  '>': signed/unsigned mismatch
C:\Users\Fab\Desktop\rrrrrrrttree\rtree_allin1\main.cpp(668,83): warning C4018:  '>': signed/unsigned mismatch
C:\Users\Fab\Desktop\rrrrrrrttree\rtree_allin1\main.cpp(332,2): warning C4018:  '<': signed/unsigned mismatch
C:\Users\Fab\Desktop\rrrrrrrttree\rtree_allin1\main.cpp(323): message :  while compiling class template member function 'void CRTree<double>::choose_leaf(CPoint<T>,std::vector<std::pair<CRTreeNode<T> *,int>,std::allocator<_Ty>> &)'
C:\Users\Fab\Desktop\rrrrrrrttree\rtree_allin1\main.cpp(323): message :         with
C:\Users\Fab\Desktop\rrrrrrrttree\rtree_allin1\main.cpp(323): message :         [
C:\Users\Fab\Desktop\rrrrrrrttree\rtree_allin1\main.cpp(323): message :             T=double,
C:\Users\Fab\Desktop\rrrrrrrttree\rtree_allin1\main.cpp(323): message :             _Ty=std::pair<CRTreeNode<double> *,int>
C:\Users\Fab\Desktop\rrrrrrrttree\rtree_allin1\main.cpp(323): message :         ]
C:\Users\Fab\Desktop\rrrrrrrttree\rtree_allin1\main.cpp(302): message :  see reference to function template instantiation 'void CRTree<double>::choose_leaf(CPoint<T>,std::vector<std::pair<CRTreeNode<T> *,int>,std::allocator<_Ty>> &)' being compiled
C:\Users\Fab\Desktop\rrrrrrrttree\rtree_allin1\main.cpp(302): message :         with
C:\Users\Fab\Desktop\rrrrrrrttree\rtree_allin1\main.cpp(302): message :         [
C:\Users\Fab\Desktop\rrrrrrrttree\rtree_allin1\main.cpp(302): message :             T=double,
C:\Users\Fab\Desktop\rrrrrrrttree\rtree_allin1\main.cpp(302): message :             _Ty=std::pair<CRTreeNode<double> *,int>
C:\Users\Fab\Desktop\rrrrrrrttree\rtree_allin1\main.cpp(302): message :         ]
C:\Users\Fab\Desktop\rrrrrrrttree\rtree_allin1\main.cpp(152,2): warning C4018:  '<': signed/unsigned mismatch
C:\Users\Fab\Desktop\rrrrrrrttree\rtree_allin1\main.cpp(144): message :  while compiling class template member function 'bool CMbr<T>::enlargement(CPoint<T>)'
C:\Users\Fab\Desktop\rrrrrrrttree\rtree_allin1\main.cpp(144): message :         with
C:\Users\Fab\Desktop\rrrrrrrttree\rtree_allin1\main.cpp(144): message :         [
C:\Users\Fab\Desktop\rrrrrrrttree\rtree_allin1\main.cpp(144): message :             T=double
C:\Users\Fab\Desktop\rrrrrrrttree\rtree_allin1\main.cpp(144): message :         ]
C:\Users\Fab\Desktop\rrrrrrrttree\rtree_allin1\main.cpp(659): message :  see reference to function template instantiation 'bool CMbr<T>::enlargement(CPoint<T>)' being compiled
C:\Users\Fab\Desktop\rrrrrrrttree\rtree_allin1\main.cpp(659): message :         with
C:\Users\Fab\Desktop\rrrrrrrttree\rtree_allin1\main.cpp(659): message :         [
C:\Users\Fab\Desktop\rrrrrrrttree\rtree_allin1\main.cpp(659): message :             T=double
C:\Users\Fab\Desktop\rrrrrrrttree\rtree_allin1\main.cpp(659): message :         ]
C:\Users\Fab\Desktop\rrrrrrrttree\rtree_allin1\main.cpp(738): message :  see reference to class template instantiation 'CMbr<T>' being compiled
C:\Users\Fab\Desktop\rrrrrrrttree\rtree_allin1\main.cpp(738): message :         with
C:\Users\Fab\Desktop\rrrrrrrttree\rtree_allin1\main.cpp(738): message :         [
C:\Users\Fab\Desktop\rrrrrrrttree\rtree_allin1\main.cpp(738): message :             T=double
C:\Users\Fab\Desktop\rrrrrrrttree\rtree_allin1\main.cpp(738): message :         ]
C:\Users\Fab\Desktop\rrrrrrrttree\rtree_allin1\main.cpp(710): message :  while compiling class template member function 'void CRTree<double>::drawTree(void)'
C:\Users\Fab\Desktop\rrrrrrrttree\rtree_allin1\main.cpp(861): message :  see reference to function template instantiation 'void CRTree<double>::drawTree(void)' being compiled
C:\Users\Fab\Desktop\rrrrrrrttree\rtree_allin1\main.cpp(102,2): warning C4018:  '<': signed/unsigned mismatch
C:\Users\Fab\Desktop\rrrrrrrttree\rtree_allin1\main.cpp(95): message :  while compiling class template member function 'double CMbr<T>::calc_enlargement(CPoint<T>)'
C:\Users\Fab\Desktop\rrrrrrrttree\rtree_allin1\main.cpp(95): message :         with
C:\Users\Fab\Desktop\rrrrrrrttree\rtree_allin1\main.cpp(95): message :         [
C:\Users\Fab\Desktop\rrrrrrrttree\rtree_allin1\main.cpp(95): message :             T=double
C:\Users\Fab\Desktop\rrrrrrrttree\rtree_allin1\main.cpp(95): message :         ]
C:\Users\Fab\Desktop\rrrrrrrttree\rtree_allin1\main.cpp(331): message :  see reference to function template instantiation 'double CMbr<T>::calc_enlargement(CPoint<T>)' being compiled
C:\Users\Fab\Desktop\rrrrrrrttree\rtree_allin1\main.cpp(331): message :         with
C:\Users\Fab\Desktop\rrrrrrrttree\rtree_allin1\main.cpp(331): message :         [
C:\Users\Fab\Desktop\rrrrrrrttree\rtree_allin1\main.cpp(331): message :             T=double
C:\Users\Fab\Desktop\rrrrrrrttree\rtree_allin1\main.cpp(331): message :         ]
C:\Users\Fab\Desktop\rrrrrrrttree\rtree_allin1\main.cpp(87,2): warning C4018:  '<': signed/unsigned mismatch
C:\Users\Fab\Desktop\rrrrrrrttree\rtree_allin1\main.cpp(85): message :  while compiling class template member function 'double CMbr<T>::calc_area(void)'
C:\Users\Fab\Desktop\rrrrrrrttree\rtree_allin1\main.cpp(85): message :         with
C:\Users\Fab\Desktop\rrrrrrrttree\rtree_allin1\main.cpp(85): message :         [
C:\Users\Fab\Desktop\rrrrrrrttree\rtree_allin1\main.cpp(85): message :             T=double
C:\Users\Fab\Desktop\rrrrrrrttree\rtree_allin1\main.cpp(85): message :         ]
C:\Users\Fab\Desktop\rrrrrrrttree\rtree_allin1\main.cpp(337): message :  see reference to function template instantiation 'double CMbr<T>::calc_area(void)' being compiled
C:\Users\Fab\Desktop\rrrrrrrttree\rtree_allin1\main.cpp(337): message :         with
C:\Users\Fab\Desktop\rrrrrrrttree\rtree_allin1\main.cpp(337): message :         [
C:\Users\Fab\Desktop\rrrrrrrttree\rtree_allin1\main.cpp(337): message :             T=double
C:\Users\Fab\Desktop\rrrrrrrttree\rtree_allin1\main.cpp(337): message :         ]
C:\Users\Fab\Desktop\rrrrrrrttree\rtree_allin1\main.cpp(354,9): warning C4244:  'initializing': conversion from 'double' to 'int', possible loss of data
C:\Users\Fab\Desktop\rrrrrrrttree\rtree_allin1\main.cpp(351): message :  while compiling class template member function 'void CRTree<double>::quadratic_split(CRTreeNode<T> *,CRTreeNode<T> *,int)'
C:\Users\Fab\Desktop\rrrrrrrttree\rtree_allin1\main.cpp(351): message :         with
C:\Users\Fab\Desktop\rrrrrrrttree\rtree_allin1\main.cpp(351): message :         [
C:\Users\Fab\Desktop\rrrrrrrttree\rtree_allin1\main.cpp(351): message :             T=double
C:\Users\Fab\Desktop\rrrrrrrttree\rtree_allin1\main.cpp(351): message :         ]
C:\Users\Fab\Desktop\rrrrrrrttree\rtree_allin1\main.cpp(653): message :  see reference to function template instantiation 'void CRTree<double>::quadratic_split(CRTreeNode<T> *,CRTreeNode<T> *,int)' being compiled
C:\Users\Fab\Desktop\rrrrrrrttree\rtree_allin1\main.cpp(653): message :         with
C:\Users\Fab\Desktop\rrrrrrrttree\rtree_allin1\main.cpp(653): message :         [
C:\Users\Fab\Desktop\rrrrrrrttree\rtree_allin1\main.cpp(653): message :             T=double
C:\Users\Fab\Desktop\rrrrrrrttree\rtree_allin1\main.cpp(653): message :         ]
C:\Users\Fab\Desktop\rrrrrrrttree\rtree_allin1\main.cpp(398,33): warning C4018:  '<=': signed/unsigned mismatch
C:\Users\Fab\Desktop\rrrrrrrttree\rtree_allin1\main.cpp(398,65): warning C4018:  '<=': signed/unsigned mismatch
C:\Users\Fab\Desktop\rrrrrrrttree\rtree_allin1\main.cpp(442,30): warning C4018:  '>=': signed/unsigned mismatch
C:\Users\Fab\Desktop\rrrrrrrttree\rtree_allin1\main.cpp(444,2): warning C4018:  '<': signed/unsigned mismatch
C:\Users\Fab\Desktop\rrrrrrrttree\rtree_allin1\main.cpp(450,2): warning C4018:  '<': signed/unsigned mismatch
C:\Users\Fab\Desktop\rrrrrrrttree\rtree_allin1\main.cpp(479,30): warning C4018:  '<': signed/unsigned mismatch
C:\Users\Fab\Desktop\rrrrrrrttree\rtree_allin1\main.cpp(479,58): warning C4018:  '<': signed/unsigned mismatch
C:\Users\Fab\Desktop\rrrrrrrttree\rtree_allin1\main.cpp(521,27): warning C4018:  '>=': signed/unsigned mismatch
C:\Users\Fab\Desktop\rrrrrrrttree\rtree_allin1\main.cpp(523,2): warning C4018:  '<': signed/unsigned mismatch
C:\Users\Fab\Desktop\rrrrrrrttree\rtree_allin1\main.cpp(534,2): warning C4018:  '<': signed/unsigned mismatch
C:\Users\Fab\Desktop\rrrrrrrttree\rtree_allin1\main.cpp(64,2): warning C4018:  '<': signed/unsigned mismatch
C:\Users\Fab\Desktop\rrrrrrrttree\rtree_allin1\main.cpp(62): message :  while compiling class template member function 'bool CMbr<T>::contiene(CPoint<T>)'
C:\Users\Fab\Desktop\rrrrrrrttree\rtree_allin1\main.cpp(62): message :         with
C:\Users\Fab\Desktop\rrrrrrrttree\rtree_allin1\main.cpp(62): message :         [
C:\Users\Fab\Desktop\rrrrrrrttree\rtree_allin1\main.cpp(62): message :             T=double
C:\Users\Fab\Desktop\rrrrrrrttree\rtree_allin1\main.cpp(62): message :         ]
C:\Users\Fab\Desktop\rrrrrrrttree\rtree_allin1\main.cpp(145): message :  see reference to function template instantiation 'bool CMbr<T>::contiene(CPoint<T>)' being compiled
C:\Users\Fab\Desktop\rrrrrrrttree\rtree_allin1\main.cpp(145): message :         with
C:\Users\Fab\Desktop\rrrrrrrttree\rtree_allin1\main.cpp(145): message :         [
C:\Users\Fab\Desktop\rrrrrrrttree\rtree_allin1\main.cpp(145): message :             T=double
C:\Users\Fab\Desktop\rrrrrrrttree\rtree_allin1\main.cpp(145): message :         ]
C:\Users\Fab\Desktop\rrrrrrrttree\rtree_allin1\main.cpp(612,2): warning C4018:  '<': signed/unsigned mismatch
C:\Users\Fab\Desktop\rrrrrrrttree\rtree_allin1\main.cpp(605): message :  while compiling class template member function 'void CRTree<double>::pick_next(CRTreeNode<T> *,int &,CMbr<T>,CMbr<T>)'
C:\Users\Fab\Desktop\rrrrrrrttree\rtree_allin1\main.cpp(605): message :         with
C:\Users\Fab\Desktop\rrrrrrrttree\rtree_allin1\main.cpp(605): message :         [
C:\Users\Fab\Desktop\rrrrrrrttree\rtree_allin1\main.cpp(605): message :             T=double
C:\Users\Fab\Desktop\rrrrrrrttree\rtree_allin1\main.cpp(605): message :         ]
C:\Users\Fab\Desktop\rrrrrrrttree\rtree_allin1\main.cpp(400): message :  see reference to function template instantiation 'void CRTree<double>::pick_next(CRTreeNode<T> *,int &,CMbr<T>,CMbr<T>)' being compiled
C:\Users\Fab\Desktop\rrrrrrrttree\rtree_allin1\main.cpp(400): message :         with
C:\Users\Fab\Desktop\rrrrrrrttree\rtree_allin1\main.cpp(400): message :         [
C:\Users\Fab\Desktop\rrrrrrrttree\rtree_allin1\main.cpp(400): message :             T=double
C:\Users\Fab\Desktop\rrrrrrrttree\rtree_allin1\main.cpp(400): message :         ]
C:\Users\Fab\Desktop\rrrrrrrttree\rtree_allin1\main.cpp(626,2): warning C4018:  '<': signed/unsigned mismatch
C:\Users\Fab\Desktop\rrrrrrrttree\rtree_allin1\main.cpp(555,2): warning C4018:  '<': signed/unsigned mismatch
C:\Users\Fab\Desktop\rrrrrrrttree\rtree_allin1\main.cpp(547): message :  while compiling class template member function 'void CRTree<double>::pick_seeds(CRTreeNode<T> *,CMbr<T> &,CMbr<T> &,int (&)[2])'
C:\Users\Fab\Desktop\rrrrrrrttree\rtree_allin1\main.cpp(547): message :         with
C:\Users\Fab\Desktop\rrrrrrrttree\rtree_allin1\main.cpp(547): message :         [
C:\Users\Fab\Desktop\rrrrrrrttree\rtree_allin1\main.cpp(547): message :             T=double
C:\Users\Fab\Desktop\rrrrrrrttree\rtree_allin1\main.cpp(547): message :         ]
C:\Users\Fab\Desktop\rrrrrrrttree\rtree_allin1\main.cpp(368): message :  see reference to function template instantiation 'void CRTree<double>::pick_seeds(CRTreeNode<T> *,CMbr<T> &,CMbr<T> &,int (&)[2])' being compiled
C:\Users\Fab\Desktop\rrrrrrrttree\rtree_allin1\main.cpp(368): message :         with
C:\Users\Fab\Desktop\rrrrrrrttree\rtree_allin1\main.cpp(368): message :         [
C:\Users\Fab\Desktop\rrrrrrrttree\rtree_allin1\main.cpp(368): message :             T=double
C:\Users\Fab\Desktop\rrrrrrrttree\rtree_allin1\main.cpp(368): message :         ]
C:\Users\Fab\Desktop\rrrrrrrttree\rtree_allin1\main.cpp(559,2): warning C4018:  '<': signed/unsigned mismatch
C:\Users\Fab\Desktop\rrrrrrrttree\rtree_allin1\main.cpp(580,2): warning C4018:  '<': signed/unsigned mismatch
C:\Users\Fab\Desktop\rrrrrrrttree\rtree_allin1\main.cpp(582,2): warning C4018:  '<': signed/unsigned mismatch
  rtree_allin1.vcxproj -> C:\Users\Fab\Desktop\rrrrrrrttree\rtree_allin1\Debug\rtree_allin1.exe
