  Source.cpp
C:\Users\Fabrizio\Documents\GitHub\EDA-2019-01\PH-Tree\phtree_clean\Source.cpp(15): warning C4018: '<': signed/unsigned mismatch
C:\Users\Fabrizio\Documents\GitHub\EDA-2019-01\PH-Tree\phtree_clean\Source.cpp(24): warning C4018: '<': signed/unsigned mismatch
C:\Users\Fabrizio\Documents\GitHub\EDA-2019-01\PH-Tree\phtree_clean\Source.cpp(33): warning C4018: '<': signed/unsigned mismatch
C:\Users\Fabrizio\Documents\GitHub\EDA-2019-01\PH-Tree\phtree_clean\Source.cpp(49): warning C4018: '<': signed/unsigned mismatch
C:\Users\Fabrizio\Documents\GitHub\EDA-2019-01\PH-Tree\phtree_clean\Source.cpp(58): warning C4018: '<': signed/unsigned mismatch
C:\Users\Fabrizio\Documents\GitHub\EDA-2019-01\PH-Tree\phtree_clean\Source.cpp(69): warning C4018: '<': signed/unsigned mismatch
C:\Users\Fabrizio\Documents\GitHub\EDA-2019-01\PH-Tree\phtree_clean\Source.cpp(74): warning C4018: '<': signed/unsigned mismatch
C:\Users\Fabrizio\Documents\GitHub\EDA-2019-01\PH-Tree\phtree_clean\Source.cpp(76): warning C4018: '<': signed/unsigned mismatch
C:\Users\Fabrizio\Documents\GitHub\EDA-2019-01\PH-Tree\phtree_clean\Source.cpp(112): warning C4018: '<': signed/unsigned mismatch
C:\Users\Fabrizio\Documents\GitHub\EDA-2019-01\PH-Tree\phtree_clean\Source.cpp(153): warning C4018: '<': signed/unsigned mismatch
C:\Users\Fabrizio\Documents\GitHub\EDA-2019-01\PH-Tree\phtree_clean\Source.cpp(196): warning C4018: '<': signed/unsigned mismatch
C:\Users\Fabrizio\Documents\GitHub\EDA-2019-01\PH-Tree\phtree_clean\Source.cpp(222): warning C4018: '<': signed/unsigned mismatch
C:\Users\Fabrizio\Documents\GitHub\EDA-2019-01\PH-Tree\phtree_clean\Source.cpp(233): warning C4018: '<': signed/unsigned mismatch
C:\Users\Fabrizio\Documents\GitHub\EDA-2019-01\PH-Tree\phtree_clean\Source.cpp(239): warning C4018: '<': signed/unsigned mismatch
C:\Users\Fabrizio\Documents\GitHub\EDA-2019-01\PH-Tree\phtree_clean\Source.cpp(242): warning C4018: '<': signed/unsigned mismatch
C:\Users\Fabrizio\Documents\GitHub\EDA-2019-01\PH-Tree\phtree_clean\Source.cpp(258): warning C4018: '<': signed/unsigned mismatch
C:\Users\Fabrizio\Documents\GitHub\EDA-2019-01\PH-Tree\phtree_clean\Source.cpp(269): warning C4018: '>=': signed/unsigned mismatch
C:\Users\Fabrizio\Documents\GitHub\EDA-2019-01\PH-Tree\phtree_clean\Source.cpp(348): warning C4101: 'numB': unreferenced local variable
C:\Users\Fabrizio\Documents\GitHub\EDA-2019-01\PH-Tree\phtree_clean\Source.cpp(174): warning C4715: 'LHC::search': not all control paths return a value
C:\Users\Fabrizio\Documents\GitHub\EDA-2019-01\PH-Tree\phtree_clean\Source.cpp(300): warning C4715: 'LHC::KNNQuery': not all control paths return a value
  phtree_clean.vcxproj -> C:\Users\Fabrizio\Documents\GitHub\EDA-2019-01\PH-Tree\phtree_clean\Debug\phtree_clean.exe
