  Source.cpp
C:\Users\Fabrizio\Documents\GitHub\EDA-2019-01\PH-Tree\phtree_v0.2\Source.cpp(13): warning C4018: '<': signed/unsigned mismatch
C:\Users\Fabrizio\Documents\GitHub\EDA-2019-01\PH-Tree\phtree_v0.2\Source.cpp(22): warning C4018: '<': signed/unsigned mismatch
C:\Users\Fabrizio\Documents\GitHub\EDA-2019-01\PH-Tree\phtree_v0.2\Source.cpp(38): warning C4018: '<': signed/unsigned mismatch
C:\Users\Fabrizio\Documents\GitHub\EDA-2019-01\PH-Tree\phtree_v0.2\Source.cpp(47): warning C4018: '<': signed/unsigned mismatch
C:\Users\Fabrizio\Documents\GitHub\EDA-2019-01\PH-Tree\phtree_v0.2\Source.cpp(58): warning C4018: '<': signed/unsigned mismatch
C:\Users\Fabrizio\Documents\GitHub\EDA-2019-01\PH-Tree\phtree_v0.2\Source.cpp(63): warning C4018: '<': signed/unsigned mismatch
C:\Users\Fabrizio\Documents\GitHub\EDA-2019-01\PH-Tree\phtree_v0.2\Source.cpp(65): warning C4018: '<': signed/unsigned mismatch
C:\Users\Fabrizio\Documents\GitHub\EDA-2019-01\PH-Tree\phtree_v0.2\Source.cpp(112): warning C4018: '<': signed/unsigned mismatch
C:\Users\Fabrizio\Documents\GitHub\EDA-2019-01\PH-Tree\phtree_v0.2\Source.cpp(165): warning C4018: '<': signed/unsigned mismatch
C:\Users\Fabrizio\Documents\GitHub\EDA-2019-01\PH-Tree\phtree_v0.2\Source.cpp(221): warning C4018: '<': signed/unsigned mismatch
C:\Users\Fabrizio\Documents\GitHub\EDA-2019-01\PH-Tree\phtree_v0.2\Source.cpp(249): warning C4018: '<': signed/unsigned mismatch
C:\Users\Fabrizio\Documents\GitHub\EDA-2019-01\PH-Tree\phtree_v0.2\Source.cpp(264): warning C4018: '<': signed/unsigned mismatch
C:\Users\Fabrizio\Documents\GitHub\EDA-2019-01\PH-Tree\phtree_v0.2\Source.cpp(277): warning C4018: '<': signed/unsigned mismatch
C:\Users\Fabrizio\Documents\GitHub\EDA-2019-01\PH-Tree\phtree_v0.2\Source.cpp(282): warning C4018: '<': signed/unsigned mismatch
C:\Users\Fabrizio\Documents\GitHub\EDA-2019-01\PH-Tree\phtree_v0.2\Source.cpp(290): warning C4018: '<': signed/unsigned mismatch
C:\Users\Fabrizio\Documents\GitHub\EDA-2019-01\PH-Tree\phtree_v0.2\Source.cpp(299): warning C4018: '<': signed/unsigned mismatch
C:\Users\Fabrizio\Documents\GitHub\EDA-2019-01\PH-Tree\phtree_v0.2\Source.cpp(305): warning C4018: '<': signed/unsigned mismatch
C:\Users\Fabrizio\Documents\GitHub\EDA-2019-01\PH-Tree\phtree_v0.2\Source.cpp(319): warning C4018: '<': signed/unsigned mismatch
C:\Users\Fabrizio\Documents\GitHub\EDA-2019-01\PH-Tree\phtree_v0.2\Source.cpp(334): warning C4018: '<': signed/unsigned mismatch
C:\Users\Fabrizio\Documents\GitHub\EDA-2019-01\PH-Tree\phtree_v0.2\Source.cpp(348): warning C4018: '>=': signed/unsigned mismatch
C:\Users\Fabrizio\Documents\GitHub\EDA-2019-01\PH-Tree\phtree_v0.2\Source.cpp(439): warning C4018: '<': signed/unsigned mismatch
C:\Users\Fabrizio\Documents\GitHub\EDA-2019-01\PH-Tree\phtree_v0.2\Source.cpp(192): warning C4715: 'LHC::search': not all control paths return a value
C:\Users\Fabrizio\Documents\GitHub\EDA-2019-01\PH-Tree\phtree_v0.2\Source.cpp(385): warning C4715: 'LHC::KNNQuery': not all control paths return a value
  phtree_v0.2.vcxproj -> C:\Users\Fabrizio\Documents\GitHub\EDA-2019-01\PH-Tree\phtree_v0.2\Debug\phtree_v0.2.exe
