  main.cpp
C:\Users\Fabrizio\Documents\GitHub\EDA-2019-01\PH-Tree\phtree_v0.1\main.cpp(15): warning C4018: '<': signed/unsigned mismatch
C:\Users\Fabrizio\Documents\GitHub\EDA-2019-01\PH-Tree\phtree_v0.1\main.cpp(24): warning C4018: '<': signed/unsigned mismatch
C:\Users\Fabrizio\Documents\GitHub\EDA-2019-01\PH-Tree\phtree_v0.1\main.cpp(33): warning C4018: '<': signed/unsigned mismatch
C:\Users\Fabrizio\Documents\GitHub\EDA-2019-01\PH-Tree\phtree_v0.1\main.cpp(49): warning C4018: '<': signed/unsigned mismatch
C:\Users\Fabrizio\Documents\GitHub\EDA-2019-01\PH-Tree\phtree_v0.1\main.cpp(58): warning C4018: '<': signed/unsigned mismatch
C:\Users\Fabrizio\Documents\GitHub\EDA-2019-01\PH-Tree\phtree_v0.1\main.cpp(69): warning C4018: '<': signed/unsigned mismatch
C:\Users\Fabrizio\Documents\GitHub\EDA-2019-01\PH-Tree\phtree_v0.1\main.cpp(74): warning C4018: '<': signed/unsigned mismatch
C:\Users\Fabrizio\Documents\GitHub\EDA-2019-01\PH-Tree\phtree_v0.1\main.cpp(76): warning C4018: '<': signed/unsigned mismatch
C:\Users\Fabrizio\Documents\GitHub\EDA-2019-01\PH-Tree\phtree_v0.1\main.cpp(123): warning C4018: '<': signed/unsigned mismatch
C:\Users\Fabrizio\Documents\GitHub\EDA-2019-01\PH-Tree\phtree_v0.1\main.cpp(196): warning C4018: '<': signed/unsigned mismatch
C:\Users\Fabrizio\Documents\GitHub\EDA-2019-01\PH-Tree\phtree_v0.1\main.cpp(256): warning C4018: '<': signed/unsigned mismatch
C:\Users\Fabrizio\Documents\GitHub\EDA-2019-01\PH-Tree\phtree_v0.1\main.cpp(305): warning C4018: '<': signed/unsigned mismatch
C:\Users\Fabrizio\Documents\GitHub\EDA-2019-01\PH-Tree\phtree_v0.1\main.cpp(323): warning C4018: '<': signed/unsigned mismatch
C:\Users\Fabrizio\Documents\GitHub\EDA-2019-01\PH-Tree\phtree_v0.1\main.cpp(340): warning C4018: '<': signed/unsigned mismatch
C:\Users\Fabrizio\Documents\GitHub\EDA-2019-01\PH-Tree\phtree_v0.1\main.cpp(346): warning C4018: '<': signed/unsigned mismatch
C:\Users\Fabrizio\Documents\GitHub\EDA-2019-01\PH-Tree\phtree_v0.1\main.cpp(375): warning C4018: '<': signed/unsigned mismatch
C:\Users\Fabrizio\Documents\GitHub\EDA-2019-01\PH-Tree\phtree_v0.1\main.cpp(389): warning C4018: '>=': signed/unsigned mismatch
C:\Users\Fabrizio\Documents\GitHub\EDA-2019-01\PH-Tree\phtree_v0.1\main.cpp(491): warning C4101: 'numB': unreferenced local variable
  Generating code
  1 of 718 functions ( 0.1%) were compiled, the rest were copied from previous compilation.
    0 functions were new in current compilation
    0 functions had inline decision re-evaluated but remain unchanged
  Finished generating code
  phtree_v0.1.vcxproj -> C:\Users\Fabrizio\Documents\GitHub\EDA-2019-01\PH-Tree\phtree_v0.1\Release\phtree_v0.1.exe
